app/build/intermediates/manifest_merge_blame_file/release/manifest-merger-blame-release-report.txt
1<?xml version="1.0" encoding="utf-8"?>
2<manifest xmlns:android="http://schemas.android.com/apk/res/android"
3    package="com.txahub.app"
4    android:versionCode="1"
5    android:versionName="1.0.0_txa" >
6
7    <uses-sdk
8        android:minSdkVersion="24"
9        android:targetSdkVersion="34" />
10
11    <uses-permission android:name="android.permission.INTERNET" />
11-->src\main\AndroidManifest.xml:5:5-67
11-->src\main\AndroidManifest.xml:5:22-64
12    <uses-permission android:name="android.permission.ACCESS_NETWORK_STATE" />
12-->src\main\AndroidManifest.xml:6:5-79
12-->src\main\AndroidManifest.xml:6:22-76
13    <uses-permission android:name="android.permission.POST_NOTIFICATIONS" />
13-->src\main\AndroidManifest.xml:7:5-77
13-->src\main\AndroidManifest.xml:7:22-74
14    <uses-permission
14-->src\main\AndroidManifest.xml:8:5-9:38
15        android:name="android.permission.WRITE_EXTERNAL_STORAGE"
15-->src\main\AndroidManifest.xml:8:22-78
16        android:maxSdkVersion="32" />
16-->src\main\AndroidManifest.xml:9:9-35
17    <uses-permission
17-->src\main\AndroidManifest.xml:10:5-11:38
18        android:name="android.permission.READ_EXTERNAL_STORAGE"
18-->src\main\AndroidManifest.xml:10:22-77
19        android:maxSdkVersion="32" />
19-->src\main\AndroidManifest.xml:11:9-35
20    <uses-permission android:name="android.permission.REQUEST_IGNORE_BATTERY_OPTIMIZATIONS" />
20-->src\main\AndroidManifest.xml:12:5-95
20-->src\main\AndroidManifest.xml:12:22-92
21    <uses-permission android:name="android.permission.MANAGE_EXTERNAL_STORAGE" />
21-->src\main\AndroidManifest.xml:13:5-14:40
21-->src\main\AndroidManifest.xml:13:22-79
22
23    <permission
23-->[androidx.core:core:1.12.0] AndroidManifest.xml:22:5-24:47
24        android:name="com.txahub.app.DYNAMIC_RECEIVER_NOT_EXPORTED_PERMISSION"
24-->[androidx.core:core:1.12.0] AndroidManifest.xml:23:9-81
25        android:protectionLevel="signature" />
25-->[androidx.core:core:1.12.0] AndroidManifest.xml:24:9-44
26
27    <uses-permission android:name="com.txahub.app.DYNAMIC_RECEIVER_NOT_EXPORTED_PERMISSION" />
27-->[androidx.core:core:1.12.0] AndroidManifest.xml:26:5-97
27-->[androidx.core:core:1.12.0] AndroidManifest.xml:26:22-94
28
29    <application
29-->src\main\AndroidManifest.xml:16:5-90:19
30        android:name="com.txahub.app.TXAApplication"
30-->src\main\AndroidManifest.xml:17:9-39
31        android:allowBackup="true"
31-->src\main\AndroidManifest.xml:18:9-35
32        android:appComponentFactory="androidx.core.app.CoreComponentFactory"
32-->[androidx.core:core:1.12.0] AndroidManifest.xml:28:18-86
33        android:extractNativeLibs="false"
34        android:icon="@drawable/logo"
34-->src\main\AndroidManifest.xml:19:9-38
35        android:label="@string/txa_global.app_name"
35-->src\main\AndroidManifest.xml:20:9-52
36        android:roundIcon="@drawable/logo"
36-->src\main\AndroidManifest.xml:21:9-43
37        android:supportsRtl="true"
37-->src\main\AndroidManifest.xml:22:9-35
38        android:theme="@style/Theme.TXAHub"
38-->src\main\AndroidManifest.xml:23:9-44
39        android:usesCleartextTraffic="false" >
39-->src\main\AndroidManifest.xml:24:9-45
40        <activity
40-->src\main\AndroidManifest.xml:27:9-44:20
41            android:name="com.txahub.app.ui.SplashActivity"
41-->src\main\AndroidManifest.xml:28:13-46
42            android:exported="true"
42-->src\main\AndroidManifest.xml:29:13-36
43            android:launchMode="singleTop"
43-->src\main\AndroidManifest.xml:31:13-43
44            android:theme="@style/Theme.TXAHub.Splash" >
44-->src\main\AndroidManifest.xml:30:13-55
45            <intent-filter>
45-->src\main\AndroidManifest.xml:32:13-35:29
46                <action android:name="android.intent.action.MAIN" />
46-->src\main\AndroidManifest.xml:33:17-69
46-->src\main\AndroidManifest.xml:33:25-66
47
48                <category android:name="android.intent.category.LAUNCHER" />
48-->src\main\AndroidManifest.xml:34:17-77
48-->src\main\AndroidManifest.xml:34:27-74
49            </intent-filter>
50
51            <!-- Deeplink Intent Filter -->
52            <intent-filter>
52-->src\main\AndroidManifest.xml:38:13-43:29
53                <action android:name="android.intent.action.VIEW" />
53-->src\main\AndroidManifest.xml:39:17-69
53-->src\main\AndroidManifest.xml:39:25-66
54
55                <category android:name="android.intent.category.DEFAULT" />
55-->src\main\AndroidManifest.xml:40:17-76
55-->src\main\AndroidManifest.xml:40:27-73
56                <category android:name="android.intent.category.BROWSABLE" />
56-->src\main\AndroidManifest.xml:41:17-78
56-->src\main\AndroidManifest.xml:41:27-75
57
58                <data android:scheme="txahub" />
58-->src\main\AndroidManifest.xml:42:17-49
58-->src\main\AndroidManifest.xml:42:23-46
59            </intent-filter>
60        </activity>
61        <activity
61-->src\main\AndroidManifest.xml:46:9-49:51
62            android:name="com.txahub.app.ui.auth.LoginActivity"
62-->src\main\AndroidManifest.xml:47:13-50
63            android:exported="false"
63-->src\main\AndroidManifest.xml:48:13-37
64            android:theme="@style/Theme.TXAHub" />
64-->src\main\AndroidManifest.xml:49:13-48
65        <activity
65-->src\main\AndroidManifest.xml:51:9-54:51
66            android:name="com.txahub.app.ui.MainActivity"
66-->src\main\AndroidManifest.xml:52:13-44
67            android:exported="false"
67-->src\main\AndroidManifest.xml:53:13-37
68            android:theme="@style/Theme.TXAHub" />
68-->src\main\AndroidManifest.xml:54:13-48
69        <activity
69-->src\main\AndroidManifest.xml:56:9-60:61
70            android:name="com.txahub.app.ui.admin.AdminManagementActivity"
70-->src\main\AndroidManifest.xml:57:13-61
71            android:exported="false"
71-->src\main\AndroidManifest.xml:58:13-37
72            android:parentActivityName="com.txahub.app.ui.MainActivity"
72-->src\main\AndroidManifest.xml:60:13-58
73            android:theme="@style/Theme.TXAHub" />
73-->src\main\AndroidManifest.xml:59:13-48
74        <activity
74-->src\main\AndroidManifest.xml:62:9-65:51
75            android:name="com.txahub.app.utils.ChangelogActivity"
75-->src\main\AndroidManifest.xml:63:13-52
76            android:exported="false"
76-->src\main\AndroidManifest.xml:64:13-37
77            android:theme="@style/Theme.TXAHub" />
77-->src\main\AndroidManifest.xml:65:13-48
78        <activity
78-->src\main\AndroidManifest.xml:67:9-71:61
79            android:name="com.txahub.app.ui.SettingsActivity"
79-->src\main\AndroidManifest.xml:68:13-48
80            android:exported="false"
80-->src\main\AndroidManifest.xml:69:13-37
81            android:parentActivityName="com.txahub.app.ui.MainActivity"
81-->src\main\AndroidManifest.xml:71:13-58
82            android:theme="@style/Theme.TXAHub" />
82-->src\main\AndroidManifest.xml:70:13-48
83        <activity
83-->src\main\AndroidManifest.xml:73:9-77:61
84            android:name="com.txahub.app.ui.LogViewerActivity"
84-->src\main\AndroidManifest.xml:74:13-49
85            android:exported="false"
85-->src\main\AndroidManifest.xml:75:13-37
86            android:parentActivityName="com.txahub.app.ui.MainActivity"
86-->src\main\AndroidManifest.xml:77:13-58
87            android:theme="@style/Theme.TXAHub" />
87-->src\main\AndroidManifest.xml:76:13-48
88
89        <!-- FileProvider for sharing log files -->
90        <provider
91            android:name="androidx.core.content.FileProvider"
91-->src\main\AndroidManifest.xml:81:13-62
92            android:authorities="com.txahub.app.fileprovider"
92-->src\main\AndroidManifest.xml:82:13-64
93            android:exported="false"
93-->src\main\AndroidManifest.xml:83:13-37
94            android:grantUriPermissions="true" >
94-->src\main\AndroidManifest.xml:84:13-47
95            <meta-data
95-->src\main\AndroidManifest.xml:85:13-87:63
96                android:name="android.support.FILE_PROVIDER_PATHS"
96-->src\main\AndroidManifest.xml:86:17-67
97                android:resource="@xml/file_provider_paths" />
97-->src\main\AndroidManifest.xml:87:17-60
98        </provider>
99
100        <service
100-->[androidx.credentials:credentials-play-services-auth:1.2.2] AndroidManifest.xml:24:9-32:19
101            android:name="androidx.credentials.playservices.CredentialProviderMetadataHolder"
101-->[androidx.credentials:credentials-play-services-auth:1.2.2] AndroidManifest.xml:25:13-94
102            android:enabled="true"
102-->[androidx.credentials:credentials-play-services-auth:1.2.2] AndroidManifest.xml:26:13-35
103            android:exported="false" >
103-->[androidx.credentials:credentials-play-services-auth:1.2.2] AndroidManifest.xml:27:13-37
104            <meta-data
104-->[androidx.credentials:credentials-play-services-auth:1.2.2] AndroidManifest.xml:29:13-31:104
105                android:name="androidx.credentials.CREDENTIAL_PROVIDER_KEY"
105-->[androidx.credentials:credentials-play-services-auth:1.2.2] AndroidManifest.xml:30:17-76
106                android:value="androidx.credentials.playservices.CredentialProviderPlayServicesImpl" />
106-->[androidx.credentials:credentials-play-services-auth:1.2.2] AndroidManifest.xml:31:17-101
107        </service>
108
109        <activity
109-->[androidx.credentials:credentials-play-services-auth:1.2.2] AndroidManifest.xml:34:9-41:20
110            android:name="androidx.credentials.playservices.HiddenActivity"
110-->[androidx.credentials:credentials-play-services-auth:1.2.2] AndroidManifest.xml:35:13-76
111            android:configChanges="orientation|screenSize|screenLayout|keyboardHidden"
111-->[androidx.credentials:credentials-play-services-auth:1.2.2] AndroidManifest.xml:36:13-87
112            android:enabled="true"
112-->[androidx.credentials:credentials-play-services-auth:1.2.2] AndroidManifest.xml:37:13-35
113            android:exported="false"
113-->[androidx.credentials:credentials-play-services-auth:1.2.2] AndroidManifest.xml:38:13-37
114            android:fitsSystemWindows="true"
114-->[androidx.credentials:credentials-play-services-auth:1.2.2] AndroidManifest.xml:39:13-45
115            android:theme="@style/Theme.Hidden" >
115-->[androidx.credentials:credentials-play-services-auth:1.2.2] AndroidManifest.xml:40:13-48
116        </activity>
117        <activity
117-->[com.google.android.gms:play-services-auth:20.7.0] AndroidManifest.xml:23:9-27:75
118            android:name="com.google.android.gms.auth.api.signin.internal.SignInHubActivity"
118-->[com.google.android.gms:play-services-auth:20.7.0] AndroidManifest.xml:24:13-93
119            android:excludeFromRecents="true"
119-->[com.google.android.gms:play-services-auth:20.7.0] AndroidManifest.xml:25:13-46
120            android:exported="false"
120-->[com.google.android.gms:play-services-auth:20.7.0] AndroidManifest.xml:26:13-37
121            android:theme="@android:style/Theme.Translucent.NoTitleBar" />
121-->[com.google.android.gms:play-services-auth:20.7.0] AndroidManifest.xml:27:13-72
122        <!--
123            Service handling Google Sign-In user revocation. For apps that do not integrate with
124            Google Sign-In, this service will never be started.
125        -->
126        <service
126-->[com.google.android.gms:play-services-auth:20.7.0] AndroidManifest.xml:33:9-37:51
127            android:name="com.google.android.gms.auth.api.signin.RevocationBoundService"
127-->[com.google.android.gms:play-services-auth:20.7.0] AndroidManifest.xml:34:13-89
128            android:exported="true"
128-->[com.google.android.gms:play-services-auth:20.7.0] AndroidManifest.xml:35:13-36
129            android:permission="com.google.android.gms.auth.api.signin.permission.REVOCATION_NOTIFICATION"
129-->[com.google.android.gms:play-services-auth:20.7.0] AndroidManifest.xml:36:13-107
130            android:visibleToInstantApps="true" />
130-->[com.google.android.gms:play-services-auth:20.7.0] AndroidManifest.xml:37:13-48
131
132        <activity
132-->[com.google.android.gms:play-services-base:18.0.1] AndroidManifest.xml:20:9-22:45
133            android:name="com.google.android.gms.common.api.GoogleApiActivity"
133-->[com.google.android.gms:play-services-base:18.0.1] AndroidManifest.xml:20:19-85
134            android:exported="false"
134-->[com.google.android.gms:play-services-base:18.0.1] AndroidManifest.xml:22:19-43
135            android:theme="@android:style/Theme.Translucent.NoTitleBar" />
135-->[com.google.android.gms:play-services-base:18.0.1] AndroidManifest.xml:21:19-78
136
137        <meta-data
137-->[com.google.android.gms:play-services-basement:18.2.0] AndroidManifest.xml:21:9-23:69
138            android:name="com.google.android.gms.version"
138-->[com.google.android.gms:play-services-basement:18.2.0] AndroidManifest.xml:22:13-58
139            android:value="@integer/google_play_services_version" />
139-->[com.google.android.gms:play-services-basement:18.2.0] AndroidManifest.xml:23:13-66
140
141        <provider
141-->[androidx.emoji2:emoji2:1.2.0] AndroidManifest.xml:24:9-32:20
142            android:name="androidx.startup.InitializationProvider"
142-->[androidx.emoji2:emoji2:1.2.0] AndroidManifest.xml:25:13-67
143            android:authorities="com.txahub.app.androidx-startup"
143-->[androidx.emoji2:emoji2:1.2.0] AndroidManifest.xml:26:13-68
144            android:exported="false" >
144-->[androidx.emoji2:emoji2:1.2.0] AndroidManifest.xml:27:13-37
145            <meta-data
145-->[androidx.emoji2:emoji2:1.2.0] AndroidManifest.xml:29:13-31:52
146                android:name="androidx.emoji2.text.EmojiCompatInitializer"
146-->[androidx.emoji2:emoji2:1.2.0] AndroidManifest.xml:30:17-75
147                android:value="androidx.startup" />
147-->[androidx.emoji2:emoji2:1.2.0] AndroidManifest.xml:31:17-49
148            <meta-data
148-->[androidx.lifecycle:lifecycle-process:2.6.2] AndroidManifest.xml:29:13-31:52
149                android:name="androidx.lifecycle.ProcessLifecycleInitializer"
149-->[androidx.lifecycle:lifecycle-process:2.6.2] AndroidManifest.xml:30:17-78
150                android:value="androidx.startup" />
150-->[androidx.lifecycle:lifecycle-process:2.6.2] AndroidManifest.xml:31:17-49
151            <meta-data
151-->[androidx.profileinstaller:profileinstaller:1.3.0] AndroidManifest.xml:29:13-31:52
152                android:name="androidx.profileinstaller.ProfileInstallerInitializer"
152-->[androidx.profileinstaller:profileinstaller:1.3.0] AndroidManifest.xml:30:17-85
153                android:value="androidx.startup" />
153-->[androidx.profileinstaller:profileinstaller:1.3.0] AndroidManifest.xml:31:17-49
154        </provider>
155
156        <uses-library
156-->[androidx.window:window:1.0.0] AndroidManifest.xml:25:9-27:40
157            android:name="androidx.window.extensions"
157-->[androidx.window:window:1.0.0] AndroidManifest.xml:26:13-54
158            android:required="false" />
158-->[androidx.window:window:1.0.0] AndroidManifest.xml:27:13-37
159        <uses-library
159-->[androidx.window:window:1.0.0] AndroidManifest.xml:28:9-30:40
160            android:name="androidx.window.sidecar"
160-->[androidx.window:window:1.0.0] AndroidManifest.xml:29:13-51
161            android:required="false" />
161-->[androidx.window:window:1.0.0] AndroidManifest.xml:30:13-37
162
163        <receiver
163-->[androidx.profileinstaller:profileinstaller:1.3.0] AndroidManifest.xml:34:9-52:20
164            android:name="androidx.profileinstaller.ProfileInstallReceiver"
164-->[androidx.profileinstaller:profileinstaller:1.3.0] AndroidManifest.xml:35:13-76
165            android:directBootAware="false"
165-->[androidx.profileinstaller:profileinstaller:1.3.0] AndroidManifest.xml:36:13-44
166            android:enabled="true"
166-->[androidx.profileinstaller:profileinstaller:1.3.0] AndroidManifest.xml:37:13-35
167            android:exported="true"
167-->[androidx.profileinstaller:profileinstaller:1.3.0] AndroidManifest.xml:38:13-36
168            android:permission="android.permission.DUMP" >
168-->[androidx.profileinstaller:profileinstaller:1.3.0] AndroidManifest.xml:39:13-57
169            <intent-filter>
169-->[androidx.profileinstaller:profileinstaller:1.3.0] AndroidManifest.xml:40:13-42:29
170                <action android:name="androidx.profileinstaller.action.INSTALL_PROFILE" />
170-->[androidx.profileinstaller:profileinstaller:1.3.0] AndroidManifest.xml:41:17-91
170-->[androidx.profileinstaller:profileinstaller:1.3.0] AndroidManifest.xml:41:25-88
171            </intent-filter>
172            <intent-filter>
172-->[androidx.profileinstaller:profileinstaller:1.3.0] AndroidManifest.xml:43:13-45:29
173                <action android:name="androidx.profileinstaller.action.SKIP_FILE" />
173-->[androidx.profileinstaller:profileinstaller:1.3.0] AndroidManifest.xml:44:17-85
173-->[androidx.profileinstaller:profileinstaller:1.3.0] AndroidManifest.xml:44:25-82
174            </intent-filter>
175            <intent-filter>
175-->[androidx.profileinstaller:profileinstaller:1.3.0] AndroidManifest.xml:46:13-48:29
176                <action android:name="androidx.profileinstaller.action.SAVE_PROFILE" />
176-->[androidx.profileinstaller:profileinstaller:1.3.0] AndroidManifest.xml:47:17-88
176-->[androidx.profileinstaller:profileinstaller:1.3.0] AndroidManifest.xml:47:25-85
177            </intent-filter>
178            <intent-filter>
178-->[androidx.profileinstaller:profileinstaller:1.3.0] AndroidManifest.xml:49:13-51:29
179                <action android:name="androidx.profileinstaller.action.BENCHMARK_OPERATION" />
179-->[androidx.profileinstaller:profileinstaller:1.3.0] AndroidManifest.xml:50:17-95
179-->[androidx.profileinstaller:profileinstaller:1.3.0] AndroidManifest.xml:50:25-92
180            </intent-filter>
181        </receiver>
182    </application>
183
184</manifest>